[Pass 1 time: 0.012 sec     dicttok]
[Pass 2 time: 0 sec     kb_init]
[Pass 3 time: 0 sec     KBFuncs]
[Pass 4 time: 0.001 sec     funcs]
[Pass 5 time: 0.028 sec     addresszones]
[Pass 6 time: 0.013 sec     finalzone]
[Pass 7 time: 0.01 sec     RemoveWhitespace]
[Pass 8 time: 0.009 sec     wrongsuff]
[Pass 9 time: 0.008 sec     grid]
[Pass 10 time: 0.009 sec     streetDetails]
[Pass 11 time: 0.008 sec     pincode]
[Pass 12 time: 0.009 sec     military]
[Pass 13 time: 0.01 sec     names]
[Pass 14 time: 0.009 sec     states]
[Pass 15 time: 0.009 sec     ruralroute]
[Pass 16 time: 0.023 sec     kbdisplay01]
[Input file: e:\Parse_Address\ParseAddress2\input\text.txt]
[Total passes: 16]
[Total time: 0.16 sec]
[Time per 1000 chars (0.16/786): 0.203562 sec]
[Time per pass per 1000 chars: 0.0127226]
infile  passes tottime length tot/1000 tot/pass/1000
e:\Parse_Address\ParseAddress2\input\text.txt	16	0.16	786	0.203562	0.0127226
[Clean time: 0.001 sec]
